<?xml version="1.0" encoding="UTF-8" ?>
<testsuite tests="19" failures="0" name="com.barclaycard.us.util.PathUtilTest" time="0.01" errors="0" skipped="0">
  <properties>
    <property name="java.runtime.name" value="Java(TM) SE Runtime Environment"/>
    <property name="sun.boot.library.path" value="C:\Program Files\Java\jdk1.8.0_92\jre\bin"/>
    <property name="java.vm.version" value="25.92-b14"/>
    <property name="java.vm.vendor" value="Oracle Corporation"/>
    <property name="java.vendor.url" value="http://java.oracle.com/"/>
    <property name="path.separator" value=";"/>
    <property name="guice.disable.misplaced.annotation.check" value="true"/>
    <property name="java.vm.name" value="Java HotSpot(TM) 64-Bit Server VM"/>
    <property name="file.encoding.pkg" value="sun.io"/>
    <property name="user.script" value=""/>
    <property name="user.country" value="US"/>
    <property name="sun.java.launcher" value="SUN_STANDARD"/>
    <property name="sun.os.patch.level" value="Service Pack 1"/>
    <property name="java.vm.specification.name" value="Java Virtual Machine Specification"/>
    <property name="user.dir" value="C:\Users\hma\workspace\ConveyorSystem"/>
    <property name="java.runtime.version" value="1.8.0_92-b14"/>
    <property name="java.awt.graphicsenv" value="sun.awt.Win32GraphicsEnvironment"/>
    <property name="java.endorsed.dirs" value="C:\Program Files\Java\jdk1.8.0_92\jre\lib\endorsed"/>
    <property name="os.arch" value="amd64"/>
    <property name="java.io.tmpdir" value="C:\Users\hma\AppData\Local\Temp\"/>
    <property name="line.separator" value="
"/>
    <property name="java.vm.specification.vendor" value="Oracle Corporation"/>
    <property name="user.variant" value=""/>
    <property name="os.name" value="Windows 7"/>
    <property name="classworlds.conf" value="C:\apache\apache-maven-3.2.5\bin\..\bin\m2.conf"/>
    <property name="sun.jnu.encoding" value="Cp1252"/>
    <property name="java.library.path" value="C:\Program Files\Java\jdk1.8.0_92\bin;C:\Windows\Sun\Java\bin;C:\Windows\system32;C:\Windows;C:\Program Files (x86)\Common Files\Fujitsu\COBOL;C:\Windows\system32;C:\Windows;C:\Windows\System32\Wbem;C:\Windows\System32\WindowsPowerShell\v1.0\;C:\Program Files (x86)\Microsoft SQL Server\100\Tools\Binn\VSShell\Common7\IDE\;C:\Program Files (x86)\Microsoft SQL Server\100\Tools\Binn\;C:\Program Files\Microsoft SQL Server\100\Tools\Binn\;C:\Program Files (x86)\Microsoft SQL Server\100\DTS\Binn\;C:\Program Files (x86)\Microsoft SQL Server\110\Tools\Binn\ManagementStudio\;C:\Program Files (x86)\Microsoft SQL Server\110\Tools\Binn\;C:\Program Files\Microsoft SQL Server\110\Tools\Binn\;C:\Program Files (x86)\Microsoft Visual Studio 10.0\Common7\IDE\PrivateAssemblies\;C:\Program Files (x86)\Microsoft SQL Server\110\DTS\Binn\;C:\Program Files\Microsoft SQL Server\Client SDK\ODBC\110\Tools\Binn\;C:\Program Files (x86)\Microsoft SQL Server\120\Tools\Binn\ManagementStudio\;C:\Program Files (x86)\Microsoft SQL Server\120\Tools\Binn\;C:\Program Files\Microsoft SQL Server\120\Tools\Binn\;C:\Program Files (x86)\Microsoft SQL Server\120\DTS\Binn\;C:\Program Files (x86)\Microsoft Visual Studio 12.0\Common7\IDE\PrivateAssemblies\;c:\Program Files (x86)\Microsoft SQL Server\90\Tools\binn\;C:\Program Files\Microsoft\Web Platform Installer\;C:\Program Files (x86)\Microsoft ASP.NET\ASP.NET Web Pages\v1.0\;C:\Program Files (x86)\Windows Kits\8.0\Windows Performance Toolkit\;C:\Program Files\TortoiseSVN\bin;C:\Program Files (x86)\Greenplum\greenplum-clients-4.2.1.0-build-2\bin;C:\Program Files (x86)\Greenplum\greenplum-clients-4.2.1.0-build-2\lib;C:\Program Files (x86)\Greenplum\greenplum-connectivity-4.2.1.0-build-2\bin;C:\Program Files (x86)\Greenplum\greenplum-connectivity-4.2.1.0-build-2\lib;C:\Program Files (x86)\Greenplum\greenplum-loaders-4.2.1.0-build-2\bin;C:\Program Files (x86)\Common Files\Fujitsu\COBOL\;C:\Program Files (x86)\WebEx\Productivity Tools;C:\apache\apache-maven-3.2.5\bin;C:\Program Files\Java\jdk1.8.0_92\bin;C:\APPS\Pivotal_GemFireXD_1419_b19912_Windows\bin;C:\Program Files\ASCI\ActiveBatchV11\;C:\Program Files (x86)\scala\bin;C:\APPS\Python\Scripts\;C:\APPS\Python\;C:\Users\hma\AppData\Local\Programs\Python\Launcher\;C:\Program Files (x86)\Bitvise SSH Client;."/>
    <property name="java.specification.name" value="Java Platform API Specification"/>
    <property name="java.class.version" value="52.0"/>
    <property name="sun.management.compiler" value="HotSpot 64-Bit Tiered Compilers"/>
    <property name="os.version" value="6.1"/>
    <property name="user.home" value="C:\Users\hma"/>
    <property name="user.timezone" value="America/New_York"/>
    <property name="java.awt.printerjob" value="sun.awt.windows.WPrinterJob"/>
    <property name="java.specification.version" value="1.8"/>
    <property name="file.encoding" value="Cp1252"/>
    <property name="user.name" value="hma"/>
    <property name="java.class.path" value="C:\apache\apache-maven-3.2.5\bin\..\boot\plexus-classworlds-2.5.2.jar"/>
    <property name="java.vm.specification.version" value="1.8"/>
    <property name="sun.arch.data.model" value="64"/>
    <property name="java.home" value="C:\Program Files\Java\jdk1.8.0_92\jre"/>
    <property name="sun.java.command" value="org.codehaus.plexus.classworlds.launcher.Launcher surefire-report:report"/>
    <property name="java.specification.vendor" value="Oracle Corporation"/>
    <property name="user.language" value="en"/>
    <property name="awt.toolkit" value="sun.awt.windows.WToolkit"/>
    <property name="java.vm.info" value="mixed mode"/>
    <property name="java.version" value="1.8.0_92"/>
    <property name="java.ext.dirs" value="C:\Program Files\Java\jdk1.8.0_92\jre\lib\ext;C:\Windows\Sun\Java\lib\ext"/>
    <property name="sun.boot.class.path" value="C:\Program Files\Java\jdk1.8.0_92\jre\lib\resources.jar;C:\Program Files\Java\jdk1.8.0_92\jre\lib\rt.jar;C:\Program Files\Java\jdk1.8.0_92\jre\lib\sunrsasign.jar;C:\Program Files\Java\jdk1.8.0_92\jre\lib\jsse.jar;C:\Program Files\Java\jdk1.8.0_92\jre\lib\jce.jar;C:\Program Files\Java\jdk1.8.0_92\jre\lib\charsets.jar;C:\Program Files\Java\jdk1.8.0_92\jre\lib\jfr.jar;C:\Program Files\Java\jdk1.8.0_92\jre\classes"/>
    <property name="sun.stderr.encoding" value="cp437"/>
    <property name="java.vendor" value="Oracle Corporation"/>
    <property name="maven.home" value="C:\apache\apache-maven-3.2.5\bin\.."/>
    <property name="file.separator" value="\"/>
    <property name="java.vendor.url.bug" value="http://bugreport.sun.com/bugreport/"/>
    <property name="sun.cpu.endian" value="little"/>
    <property name="sun.io.unicode.encoding" value="UnicodeLittle"/>
    <property name="sun.stdout.encoding" value="cp437"/>
    <property name="sun.desktop" value="windows"/>
    <property name="sun.cpu.isalist" value="amd64"/>
  </properties>
  <testcase classname="com.barclaycard.us.util.PathUtilTest" name="testPathNoReachable" time="0"/>
  <testcase classname="com.barclaycard.us.util.PathUtilTest" name="testGateCount" time="0"/>
  <testcase classname="com.barclaycard.us.util.PathUtilTest" name="testPathSpecial" time="0"/>
  <testcase classname="com.barclaycard.us.util.PathUtilTest" name="testPathNormal1to2" time="0"/>
  <testcase classname="com.barclaycard.us.util.PathUtilTest" name="testPathNormal1to3" time="0"/>
  <testcase classname="com.barclaycard.us.util.PathUtilTest" name="testPathNormal1to4" time="0"/>
  <testcase classname="com.barclaycard.us.util.PathUtilTest" name="testPathNormal2to1" time="0"/>
  <testcase classname="com.barclaycard.us.util.PathUtilTest" name="testPathNormal2to3" time="0"/>
  <testcase classname="com.barclaycard.us.util.PathUtilTest" name="testPathNormal2to4" time="0"/>
  <testcase classname="com.barclaycard.us.util.PathUtilTest" name="testPathNormal3to1" time="0.01"/>
  <testcase classname="com.barclaycard.us.util.PathUtilTest" name="testPathNormal3to2" time="0"/>
  <testcase classname="com.barclaycard.us.util.PathUtilTest" name="testPathNormal3to4" time="0"/>
  <testcase classname="com.barclaycard.us.util.PathUtilTest" name="testPathNormal4to1" time="0"/>
  <testcase classname="com.barclaycard.us.util.PathUtilTest" name="testPathNormal4to2" time="0"/>
  <testcase classname="com.barclaycard.us.util.PathUtilTest" name="testPathNormal4to3" time="0"/>
  <testcase classname="com.barclaycard.us.util.PathUtilTest" name="testPathNoSuchGateLessThanSmallest" time="0"/>
  <testcase classname="com.barclaycard.us.util.PathUtilTest" name="testPathSpecial1to1" time="0"/>
  <testcase classname="com.barclaycard.us.util.PathUtilTest" name="testPathSpecial4to4" time="0"/>
  <testcase classname="com.barclaycard.us.util.PathUtilTest" name="testPathNoSuchGateBiggerThanSize" time="0"/>
</testsuite>